Reset new week: Number of updated members: 6547
Num of connect_facebook updated: 378
Num of checkout updated: 19
Num of good Shop updated: 72
2016-01-17 01:03:38
--------------------------------------------------------------------------------
Reset new week: Number of updated members: 6612
Num of connect_facebook updated: 380
Num of checkout updated: 19
Num of good Shop updated: 72
2016-01-24 01:03:49
--------------------------------------------------------------------------------
Reset new week: Number of updated members: 6673
Num of connect_facebook updated: 382
Num of checkout updated: 19
Num of good Shop updated: 72
2016-01-31 01:03:40
--------------------------------------------------------------------------------
Reset new week: Number of updated members: 6715
Num of connect_facebook updated: 383
Num of checkout updated: 19
Num of good Shop updated: 72
2016-02-07 01:03:51
--------------------------------------------------------------------------------
Reset new week: Number of updated members: 6730
Num of connect_facebook updated: 383
Num of checkout updated: 19
Num of good Shop updated: 72
2016-02-14 01:03:57
--------------------------------------------------------------------------------
Reset new week: Number of updated members: 6781
Num of connect_facebook updated: 384
Num of checkout updated: 19
Num of good Shop updated: 72
2016-02-21 01:03:52
--------------------------------------------------------------------------------
Reset new week: Number of updated members: 6846
Num of connect_facebook updated: 390
Num of checkout updated: 19
Num of good Shop updated: 72
2016-02-28 01:04:06
--------------------------------------------------------------------------------
Reset new week: Number of updated members: 6921
Num of connect_facebook updated: 397
Num of checkout updated: 19
Num of good Shop updated: 72
2016-03-06 01:04:00
--------------------------------------------------------------------------------
Reset new week: Number of updated members: 7000
Num of connect_facebook updated: 408
Num of checkout updated: 16
Num of good Shop updated: 72
2016-03-13 01:04:30
--------------------------------------------------------------------------------
Reset new week: Number of updated members: 7072
Num of connect_facebook updated: 409
Num of checkout updated: 16
Num of good Shop updated: 72
2016-03-20 01:04:21
--------------------------------------------------------------------------------
Reset new week: Number of updated members: 7141
Num of connect_facebook updated: 412
Num of checkout updated: 16
Num of good Shop updated: 72
2016-03-27 01:04:32
--------------------------------------------------------------------------------
Reset new week: Number of updated members: 7206
Num of connect_facebook updated: 415
Num of checkout updated: 16
Num of good Shop updated: 72
2016-04-03 01:04:29
--------------------------------------------------------------------------------
Reset new week: Number of updated members: 7290
Num of connect_facebook updated: 418
Num of checkout updated: 16
Num of good Shop updated: 72
2016-04-10 01:04:36
--------------------------------------------------------------------------------
Reset new week: Number of updated members: 7360
Num of connect_facebook updated: 422
Num of checkout updated: 16
Num of good Shop updated: 72
2016-04-17 01:04:39
--------------------------------------------------------------------------------
Reset new week: Number of updated members: 7424
Num of connect_facebook updated: 424
Num of checkout updated: 16
Num of good Shop updated: 72
2016-04-24 01:04:58
--------------------------------------------------------------------------------
Reset new week: Number of updated members: 7480
Num of connect_facebook updated: 427
Num of checkout updated: 16
Num of good Shop updated: 72
2016-05-01 01:05:11
--------------------------------------------------------------------------------
Reset new week: Number of updated members: 7527
Num of connect_facebook updated: 431
Num of checkout updated: 16
Num of good Shop updated: 72
2016-05-08 01:05:01
--------------------------------------------------------------------------------
Reset new week: Number of updated members: 7587
Num of connect_facebook updated: 433
Num of checkout updated: 16
Num of good Shop updated: 72
2016-05-15 01:05:03
--------------------------------------------------------------------------------
Reset new week: Number of updated members: 7647
Num of connect_facebook updated: 438
Num of checkout updated: 16
Num of good Shop updated: 72
2016-05-22 01:05:17
--------------------------------------------------------------------------------
Reset new week: Number of updated members: 7708
Num of connect_facebook updated: 442
Num of checkout updated: 16
Num of good Shop updated: 72
2016-05-29 01:05:05
--------------------------------------------------------------------------------
Reset new week: Number of updated members: 7759
Num of connect_facebook updated: 447
Num of checkout updated: 16
Num of good Shop updated: 72
2016-06-05 01:05:16
--------------------------------------------------------------------------------
Reset new week: Number of updated members: 7814
Num of connect_facebook updated: 453
Num of checkout updated: 16
Num of good Shop updated: 72
2016-06-12 01:05:21
--------------------------------------------------------------------------------
Reset new week: Number of updated members: 7873
Num of connect_facebook updated: 452
Num of checkout updated: 16
Num of good Shop updated: 72
2016-06-19 01:05:22
--------------------------------------------------------------------------------
Reset new week: Number of updated members: 7939
Num of connect_facebook updated: 456
Num of checkout updated: 16
Num of good Shop updated: 72
2016-06-26 01:05:36
--------------------------------------------------------------------------------
Reset new week: Number of updated members: 8007
Num of connect_facebook updated: 460
Num of checkout updated: 16
Num of good Shop updated: 72
2016-07-03 01:05:44
--------------------------------------------------------------------------------
Reset new week: Number of updated members: 8092
Num of connect_facebook updated: 462
Num of checkout updated: 16
Num of good Shop updated: 72
2016-07-10 01:05:40
--------------------------------------------------------------------------------
Reset new week: Number of updated members: 8155
Num of connect_facebook updated: 464
Num of checkout updated: 16
Num of good Shop updated: 72
2016-07-17 01:05:50
--------------------------------------------------------------------------------
Reset new week: Number of updated members: 8233
Num of connect_facebook updated: 468
Num of checkout updated: 16
Num of good Shop updated: 72
2016-07-24 01:05:44
--------------------------------------------------------------------------------
Reset new week: Number of updated members: 8315
Num of connect_facebook updated: 471
Num of checkout updated: 17
Num of good Shop updated: 72
2016-07-31 01:05:53
--------------------------------------------------------------------------------
Reset new week: Number of updated members: 8391
Num of connect_facebook updated: 477
Num of checkout updated: 17
Num of good Shop updated: 72
2016-08-07 01:05:29
--------------------------------------------------------------------------------
Reset new week: Number of updated members: 8470
Num of connect_facebook updated: 483
Num of checkout updated: 17
Num of good Shop updated: 72
2016-08-14 01:05:54
--------------------------------------------------------------------------------
Reset new week: Number of updated members: 8541
Num of connect_facebook updated: 484
Num of checkout updated: 17
Num of good Shop updated: 72
2016-08-21 01:05:35
--------------------------------------------------------------------------------
Reset new week: Number of updated members: 8599
Num of connect_facebook updated: 488
Num of checkout updated: 17
Num of good Shop updated: 72
2016-08-28 01:05:49
--------------------------------------------------------------------------------
Reset new week: Number of updated members: 8653
Num of connect_facebook updated: 488
Num of checkout updated: 17
Num of good Shop updated: 72
2016-09-04 01:05:59
--------------------------------------------------------------------------------
Reset new week: Number of updated members: 8740
Num of connect_facebook updated: 494
Num of checkout updated: 17
Num of good Shop updated: 72
2016-09-11 01:05:45
--------------------------------------------------------------------------------
Reset new week: Number of updated members: 8820
Num of connect_facebook updated: 499
Num of checkout updated: 17
Num of good Shop updated: 72
2016-09-18 01:06:16
--------------------------------------------------------------------------------
Reset new week: Number of updated members: 8890
Num of connect_facebook updated: 501
Num of checkout updated: 17
Num of good Shop updated: 72
2016-09-25 01:06:24
--------------------------------------------------------------------------------
